<?xml version="1.0" encoding="UTF-8"?>
<!-- Generated by org.testng.reporters.JUnitReportReporter -->
<testsuite hostname="Nitro5" failures="0" tests="1" name="testscript.TestNGAnnotations" time="0.027" errors="0" timestamp="2025-08-25T10:03:49 IST" skipped="0">
  <testcase classname="testscript.TestNGAnnotations" name="testCase" time="0.027"/>
</testsuite> <!-- testscript.TestNGAnnotations -->
