<?xml version="1.0" encoding="UTF-8"?>
<!-- Generated by org.testng.reporters.JUnitReportReporter -->
<testsuite hostname="Nitro5" failures="0" tests="1" name="testscript.LoginTest" time="3.877" errors="0" timestamp="2025-08-26T10:33:27 IST" skipped="0">
  <testcase classname="testscript.LoginTest" name="verifyWhetherUserIsLoggedInWithInvalidCredentials" time="3.877"/>
</testsuite> <!-- testscript.LoginTest -->
